This file contains any messages produced by compilers while
running configure, to aid debugging if configure makes a mistake.

It was created by libquantum configure 1.1.1, which was
generated by GNU Autoconf 2.67.  Invocation command line was

  $ ./configure 

## --------- ##
## Platform. ##
## --------- ##

hostname = jux
uname -m = x86_64
uname -r = 4.13.0-32-generic
uname -s = Linux
uname -v = #35~16.04.1-Ubuntu SMP Thu Jan 25 10:13:43 UTC 2018

/usr/bin/uname -p = unknown
/bin/uname -X     = unknown

/bin/arch              = unknown
/usr/bin/arch -k       = unknown
/usr/convex/getsysinfo = unknown
/usr/bin/hostinfo      = unknown
/bin/machine           = unknown
/usr/bin/oslevel       = unknown
/bin/universe          = unknown

PATH: /home/jj/.cargo/bin
PATH: /usr/local/sbin
PATH: /usr/local/bin
PATH: /usr/sbin
PATH: /usr/bin
PATH: /sbin
PATH: /bin
PATH: /usr/games
PATH: /usr/local/games
PATH: /snap/bin


## ----------- ##
## Core tests. ##
## ----------- ##

configure:2389: checking for gcc
configure:2405: found /usr/bin/gcc
configure:2416: result: gcc
configure:2645: checking for C compiler version
configure:2654: gcc --version >&5
gcc (Ubuntu 5.4.0-6ubuntu1~16.04.6) 5.4.0 20160609
Copyright (C) 2015 Free Software Foundation, Inc.
This is free software; see the source for copying conditions.  There is NO
warranty; not even for MERCHANTABILITY or FITNESS FOR A PARTICULAR PURPOSE.

configure:2665: $? = 0
configure:2654: gcc -v >&5
Using built-in specs.
COLLECT_GCC=gcc
COLLECT_LTO_WRAPPER=/usr/lib/gcc/x86_64-linux-gnu/5/lto-wrapper
Target: x86_64-linux-gnu
Configured with: ../src/configure -v --with-pkgversion='Ubuntu 5.4.0-6ubuntu1~16.04.6' --with-bugurl=file:///usr/share/doc/gcc-5/README.Bugs --enable-languages=c,ada,c++,java,go,d,fortran,objc,obj-c++ --prefix=/usr --program-suffix=-5 --enable-shared --enable-linker-build-id --libexecdir=/usr/lib --without-included-gettext --enable-threads=posix --libdir=/usr/lib --enable-nls --with-sysroot=/ --enable-clocale=gnu --enable-libstdcxx-debug --enable-libstdcxx-time=yes --with-default-libstdcxx-abi=new --enable-gnu-unique-object --disable-vtable-verify --enable-libmpx --enable-plugin --with-system-zlib --disable-browser-plugin --enable-java-awt=gtk --enable-gtk-cairo --with-java-home=/usr/lib/jvm/java-1.5.0-gcj-5-amd64/jre --enable-java-home --with-jvm-root-dir=/usr/lib/jvm/java-1.5.0-gcj-5-amd64 --with-jvm-jar-dir=/usr/lib/jvm-exports/java-1.5.0-gcj-5-amd64 --with-arch-directory=amd64 --with-ecj-jar=/usr/share/java/eclipse-ecj.jar --enable-objc-gc --enable-multiarch --disable-werror --with-arch-32=i686 --with-abi=m64 --with-multilib-list=m32,m64,mx32 --enable-multilib --with-tune=generic --enable-checking=release --build=x86_64-linux-gnu --host=x86_64-linux-gnu --target=x86_64-linux-gnu
Thread model: posix
gcc version 5.4.0 20160609 (Ubuntu 5.4.0-6ubuntu1~16.04.6) 
configure:2665: $? = 0
configure:2654: gcc -V >&5
gcc: error: unrecognized command line option '-V'
gcc: fatal error: no input files
compilation terminated.
configure:2665: $? = 1
configure:2654: gcc -qversion >&5
gcc: error: unrecognized command line option '-qversion'
gcc: fatal error: no input files
compilation terminated.
configure:2665: $? = 1
configure:2685: checking whether the C compiler works
configure:2707: gcc    conftest.c  >&5
configure:2711: $? = 0
configure:2759: result: yes
configure:2762: checking for C compiler default output file name
configure:2764: result: a.out
configure:2770: checking for suffix of executables
configure:2777: gcc -o conftest    conftest.c  >&5
configure:2781: $? = 0
configure:2803: result: 
configure:2825: checking whether we are cross compiling
configure:2833: gcc -o conftest    conftest.c  >&5
configure:2837: $? = 0
configure:2844: ./conftest
configure:2848: $? = 0
configure:2863: result: no
configure:2868: checking for suffix of object files
configure:2890: gcc -c   conftest.c >&5
configure:2894: $? = 0
configure:2915: result: o
configure:2919: checking whether we are using the GNU C compiler
configure:2938: gcc -c   conftest.c >&5
configure:2938: $? = 0
configure:2947: result: yes
configure:2956: checking whether gcc accepts -g
configure:2976: gcc -c -g  conftest.c >&5
configure:2976: $? = 0
configure:3017: result: yes
configure:3034: checking for gcc option to accept ISO C89
configure:3098: gcc  -c -g -O2  conftest.c >&5
configure:3098: $? = 0
configure:3111: result: none needed
configure:3174: checking for a BSD-compatible install
configure:3242: result: /usr/bin/install -c
configure:3329: checking build system type
configure:3343: result: x86_64-unknown-linux-gnu
configure:3363: checking host system type
configure:3376: result: x86_64-unknown-linux-gnu
configure:3396: checking for a sed that does not truncate output
configure:3450: result: /bin/sed
configure:3453: checking for grep that handles long lines and -e
configure:3511: result: /bin/grep
configure:3516: checking for egrep
configure:3578: result: /bin/grep -E
configure:3594: checking for ld used by gcc
configure:3661: result: /usr/bin/ld
configure:3668: checking if the linker (/usr/bin/ld) is GNU ld
configure:3683: result: yes
configure:3688: checking for /usr/bin/ld option to reload object files
configure:3695: result: -r
configure:3704: checking for BSD-compatible nm
configure:3746: result: /usr/bin/nm -B
configure:3750: checking whether ln -s works
configure:3757: result: no, using cp -p
configure:3761: checking how to recognise dependent libraries
configure:3935: result: pass_all
configure:4020: gcc -c -g -O2  conftest.c >&5
configure:4023: $? = 0
configure:4121: checking how to run the C preprocessor
configure:4152: gcc -E  conftest.c
configure:4152: $? = 0
configure:4166: gcc -E  conftest.c
conftest.c:9:28: fatal error: ac_nonexistent.h: No such file or directory
compilation terminated.
configure:4166: $? = 1
configure: failed program was:
| /* confdefs.h */
| #define PACKAGE_NAME "libquantum"
| #define PACKAGE_TARNAME "libquantum"
| #define PACKAGE_VERSION "1.1.1"
| #define PACKAGE_STRING "libquantum 1.1.1"
| #define PACKAGE_BUGREPORT "libquantum@libquantum.de"
| #define PACKAGE_URL ""
| /* end confdefs.h.  */
| #include <ac_nonexistent.h>
configure:4191: result: gcc -E
configure:4211: gcc -E  conftest.c
configure:4211: $? = 0
configure:4225: gcc -E  conftest.c
conftest.c:9:28: fatal error: ac_nonexistent.h: No such file or directory
compilation terminated.
configure:4225: $? = 1
configure: failed program was:
| /* confdefs.h */
| #define PACKAGE_NAME "libquantum"
| #define PACKAGE_TARNAME "libquantum"
| #define PACKAGE_VERSION "1.1.1"
| #define PACKAGE_STRING "libquantum 1.1.1"
| #define PACKAGE_BUGREPORT "libquantum@libquantum.de"
| #define PACKAGE_URL ""
| /* end confdefs.h.  */
| #include <ac_nonexistent.h>
configure:4254: checking for ANSI C header files
configure:4274: gcc -c -g -O2  conftest.c >&5
configure:4274: $? = 0
configure:4347: gcc -o conftest -g -O2   conftest.c  >&5
configure:4347: $? = 0
configure:4347: ./conftest
configure:4347: $? = 0
configure:4358: result: yes
configure:4371: checking for sys/types.h
configure:4371: gcc -c -g -O2  conftest.c >&5
configure:4371: $? = 0
configure:4371: result: yes
configure:4371: checking for sys/stat.h
configure:4371: gcc -c -g -O2  conftest.c >&5
configure:4371: $? = 0
configure:4371: result: yes
configure:4371: checking for stdlib.h
configure:4371: gcc -c -g -O2  conftest.c >&5
configure:4371: $? = 0
configure:4371: result: yes
configure:4371: checking for string.h
configure:4371: gcc -c -g -O2  conftest.c >&5
configure:4371: $? = 0
configure:4371: result: yes
configure:4371: checking for memory.h
configure:4371: gcc -c -g -O2  conftest.c >&5
configure:4371: $? = 0
configure:4371: result: yes
configure:4371: checking for strings.h
configure:4371: gcc -c -g -O2  conftest.c >&5
configure:4371: $? = 0
configure:4371: result: yes
configure:4371: checking for inttypes.h
configure:4371: gcc -c -g -O2  conftest.c >&5
configure:4371: $? = 0
configure:4371: result: yes
configure:4371: checking for stdint.h
configure:4371: gcc -c -g -O2  conftest.c >&5
configure:4371: $? = 0
configure:4371: result: yes
configure:4371: checking for unistd.h
configure:4371: gcc -c -g -O2  conftest.c >&5
configure:4371: $? = 0
configure:4371: result: yes
configure:4385: checking dlfcn.h usability
configure:4385: gcc -c -g -O2  conftest.c >&5
configure:4385: $? = 0
configure:4385: result: yes
configure:4385: checking dlfcn.h presence
configure:4385: gcc -E  conftest.c
configure:4385: $? = 0
configure:4385: result: yes
configure:4385: checking for dlfcn.h
configure:4385: result: yes
configure:4399: checking the maximum length of command line arguments
configure:4464: result: 32768
configure:4475: checking command to parse /usr/bin/nm -B output from gcc object
configure:4564: gcc -c -g -O2  conftest.c >&5
configure:4567: $? = 0
configure:4571: /usr/bin/nm -B conftest.o \| sed -n -e 's/^.*[ 	]\([ABCDGIRSTW][ABCDGIRSTW]*\)[ 	][ 	]*\(\)\([_A-Za-z][_A-Za-z0-9]*\)$/\1 \2\3 \3/p' \> conftest.nm
configure:4574: $? = 0
configure:4626: gcc -o conftest -g -O2   conftest.c conftstm.o >&5
configure:4629: $? = 0
configure:4667: result: ok
configure:4671: checking for objdir
configure:4686: result: .libs
configure:4778: checking for ar
configure:4794: found /usr/bin/ar
configure:4805: result: ar
configure:4870: checking for ranlib
configure:4886: found /usr/bin/ranlib
configure:4897: result: ranlib
configure:4962: checking for strip
configure:4978: found /usr/bin/strip
configure:4989: result: strip
configure:5261: checking if gcc static flag  works
configure:5284: result: yes
configure:5306: checking if gcc supports -fno-rtti -fno-exceptions
configure:5324: gcc -c -g -O2  -fno-rtti -fno-exceptions conftest.c >&5
cc1: warning: command line option '-fno-rtti' is valid for C++/ObjC++ but not for C
configure:5328: $? = 0
configure:5339: result: no
configure:5354: checking for gcc option to produce PIC
configure:5531: result: -fPIC
configure:5539: checking if gcc PIC flag -fPIC works
configure:5557: gcc -c -g -O2  -fPIC -DPIC conftest.c >&5
configure:5561: $? = 0
configure:5572: result: yes
configure:5596: checking if gcc supports -c -o file.o
configure:5617: gcc -c -g -O2  -o out/conftest2.o conftest.c >&5
configure:5621: $? = 0
configure:5641: result: yes
configure:5667: checking whether the gcc linker (/usr/bin/ld -m elf_x86_64) supports shared libraries
configure:6458: result: yes
configure:6484: checking whether -lc should be explicitly linked in
configure:6489: gcc -c -g -O2  conftest.c >&5
configure:6492: $? = 0
configure:6506: gcc -shared conftest.o  -v -Wl,-soname -Wl,conftest -o conftest 2\>\&1 \| grep  -lc  \>/dev/null 2\>\&1
configure:6509: $? = 0
configure:6521: result: no
configure:6529: checking dynamic linker characteristics
configure:7081: result: GNU/Linux ld.so
configure:7085: checking how to hardcode library paths into programs
configure:7110: result: immediate
configure:7124: checking whether stripping libraries is possible
configure:7129: result: yes
configure:7641: checking if libtool supports shared libraries
configure:7643: result: yes
configure:7646: checking whether to build shared libraries
configure:7704: result: yes
configure:7707: checking whether to build static libraries
configure:7711: result: yes
configure:7803: creating libtool
configure:8281: checking for sqrt in -lm
configure:8306: gcc -o conftest -g -O2   conftest.c -lm   >&5
conftest.c:27:6: warning: conflicting types for built-in function 'sqrt'
 char sqrt ();
      ^
configure:8306: $? = 0
configure:8315: result: yes
configure:8378: checking for cheev_ in -llapack
configure:8403: gcc -o conftest -g -O2   conftest.c -llapack  -lm  >&5
configure:8403: $? = 0
configure:8412: result: yes
configure:8428: checking for ANSI C header files
configure:8532: result: yes
configure:8543: checking fcntl.h usability
configure:8543: gcc -c -g -O2  conftest.c >&5
configure:8543: $? = 0
configure:8543: result: yes
configure:8543: checking fcntl.h presence
configure:8543: gcc -E  conftest.c
configure:8543: $? = 0
configure:8543: result: yes
configure:8543: checking for fcntl.h
configure:8543: result: yes
configure:8543: checking for stdlib.h
configure:8543: result: yes
configure:8543: checking for unistd.h
configure:8543: result: yes
configure:8555: checking for inline
configure:8571: gcc -c -g -O2  conftest.c >&5
configure:8571: $? = 0
configure:8579: result: inline
configure:8605: checking for uint_64t
configure:8605: gcc -c -g -O2  conftest.c >&5
conftest.c: In function 'main':
conftest.c:62:13: error: 'uint_64t' undeclared (first use in this function)
 if (sizeof (uint_64t))
             ^
conftest.c:62:13: note: each undeclared identifier is reported only once for each function it appears in
configure:8605: $? = 1
configure: failed program was:
| /* confdefs.h */
| #define PACKAGE_NAME "libquantum"
| #define PACKAGE_TARNAME "libquantum"
| #define PACKAGE_VERSION "1.1.1"
| #define PACKAGE_STRING "libquantum 1.1.1"
| #define PACKAGE_BUGREPORT "libquantum@libquantum.de"
| #define PACKAGE_URL ""
| #define STDC_HEADERS 1
| #define HAVE_SYS_TYPES_H 1
| #define HAVE_SYS_STAT_H 1
| #define HAVE_STDLIB_H 1
| #define HAVE_STRING_H 1
| #define HAVE_MEMORY_H 1
| #define HAVE_STRINGS_H 1
| #define HAVE_INTTYPES_H 1
| #define HAVE_STDINT_H 1
| #define HAVE_UNISTD_H 1
| #define HAVE_DLFCN_H 1
| #define HAVE_LIBM 1
| #define HAVE_LIBLAPACK 1
| #define STDC_HEADERS 1
| #define HAVE_FCNTL_H 1
| #define HAVE_STDLIB_H 1
| #define HAVE_UNISTD_H 1
| /* end confdefs.h.  */
| #include <stdio.h>
| #ifdef HAVE_SYS_TYPES_H
| # include <sys/types.h>
| #endif
| #ifdef HAVE_SYS_STAT_H
| # include <sys/stat.h>
| #endif
| #ifdef STDC_HEADERS
| # include <stdlib.h>
| # include <stddef.h>
| #else
| # ifdef HAVE_STDLIB_H
| #  include <stdlib.h>
| # endif
| #endif
| #ifdef HAVE_STRING_H
| # if !defined STDC_HEADERS && defined HAVE_MEMORY_H
| #  include <memory.h>
| # endif
| # include <string.h>
| #endif
| #ifdef HAVE_STRINGS_H
| # include <strings.h>
| #endif
| #ifdef HAVE_INTTYPES_H
| # include <inttypes.h>
| #endif
| #ifdef HAVE_STDINT_H
| # include <stdint.h>
| #endif
| #ifdef HAVE_UNISTD_H
| # include <unistd.h>
| #endif
| int
| main ()
| {
| if (sizeof (uint_64t))
| 	 return 0;
|   ;
|   return 0;
| }
configure:8605: result: no
configure:8616: checking for u_int_64t
configure:8616: gcc -c -g -O2  conftest.c >&5
conftest.c: In function 'main':
conftest.c:62:13: error: 'u_int_64t' undeclared (first use in this function)
 if (sizeof (u_int_64t))
             ^
conftest.c:62:13: note: each undeclared identifier is reported only once for each function it appears in
configure:8616: $? = 1
configure: failed program was:
| /* confdefs.h */
| #define PACKAGE_NAME "libquantum"
| #define PACKAGE_TARNAME "libquantum"
| #define PACKAGE_VERSION "1.1.1"
| #define PACKAGE_STRING "libquantum 1.1.1"
| #define PACKAGE_BUGREPORT "libquantum@libquantum.de"
| #define PACKAGE_URL ""
| #define STDC_HEADERS 1
| #define HAVE_SYS_TYPES_H 1
| #define HAVE_SYS_STAT_H 1
| #define HAVE_STDLIB_H 1
| #define HAVE_STRING_H 1
| #define HAVE_MEMORY_H 1
| #define HAVE_STRINGS_H 1
| #define HAVE_INTTYPES_H 1
| #define HAVE_STDINT_H 1
| #define HAVE_UNISTD_H 1
| #define HAVE_DLFCN_H 1
| #define HAVE_LIBM 1
| #define HAVE_LIBLAPACK 1
| #define STDC_HEADERS 1
| #define HAVE_FCNTL_H 1
| #define HAVE_STDLIB_H 1
| #define HAVE_UNISTD_H 1
| /* end confdefs.h.  */
| #include <stdio.h>
| #ifdef HAVE_SYS_TYPES_H
| # include <sys/types.h>
| #endif
| #ifdef HAVE_SYS_STAT_H
| # include <sys/stat.h>
| #endif
| #ifdef STDC_HEADERS
| # include <stdlib.h>
| # include <stddef.h>
| #else
| # ifdef HAVE_STDLIB_H
| #  include <stdlib.h>
| # endif
| #endif
| #ifdef HAVE_STRING_H
| # if !defined STDC_HEADERS && defined HAVE_MEMORY_H
| #  include <memory.h>
| # endif
| # include <string.h>
| #endif
| #ifdef HAVE_STRINGS_H
| # include <strings.h>
| #endif
| #ifdef HAVE_INTTYPES_H
| # include <inttypes.h>
| #endif
| #ifdef HAVE_STDINT_H
| # include <stdint.h>
| #endif
| #ifdef HAVE_UNISTD_H
| # include <unistd.h>
| #endif
| int
| main ()
| {
| if (sizeof (u_int_64t))
| 	 return 0;
|   ;
|   return 0;
| }
configure:8616: result: no
configure:8626: checking for unsigned long long
configure:8626: gcc -c -g -O2  conftest.c >&5
configure:8626: $? = 0
configure:8626: gcc -c -g -O2  conftest.c >&5
conftest.c: In function 'main':
conftest.c:62:33: error: expected expression before ')' token
 if (sizeof ((unsigned long long)))
                                 ^
configure:8626: $? = 1
configure: failed program was:
| /* confdefs.h */
| #define PACKAGE_NAME "libquantum"
| #define PACKAGE_TARNAME "libquantum"
| #define PACKAGE_VERSION "1.1.1"
| #define PACKAGE_STRING "libquantum 1.1.1"
| #define PACKAGE_BUGREPORT "libquantum@libquantum.de"
| #define PACKAGE_URL ""
| #define STDC_HEADERS 1
| #define HAVE_SYS_TYPES_H 1
| #define HAVE_SYS_STAT_H 1
| #define HAVE_STDLIB_H 1
| #define HAVE_STRING_H 1
| #define HAVE_MEMORY_H 1
| #define HAVE_STRINGS_H 1
| #define HAVE_INTTYPES_H 1
| #define HAVE_STDINT_H 1
| #define HAVE_UNISTD_H 1
| #define HAVE_DLFCN_H 1
| #define HAVE_LIBM 1
| #define HAVE_LIBLAPACK 1
| #define STDC_HEADERS 1
| #define HAVE_FCNTL_H 1
| #define HAVE_STDLIB_H 1
| #define HAVE_UNISTD_H 1
| /* end confdefs.h.  */
| #include <stdio.h>
| #ifdef HAVE_SYS_TYPES_H
| # include <sys/types.h>
| #endif
| #ifdef HAVE_SYS_STAT_H
| # include <sys/stat.h>
| #endif
| #ifdef STDC_HEADERS
| # include <stdlib.h>
| # include <stddef.h>
| #else
| # ifdef HAVE_STDLIB_H
| #  include <stdlib.h>
| # endif
| #endif
| #ifdef HAVE_STRING_H
| # if !defined STDC_HEADERS && defined HAVE_MEMORY_H
| #  include <memory.h>
| # endif
| # include <string.h>
| #endif
| #ifdef HAVE_STRINGS_H
| # include <strings.h>
| #endif
| #ifdef HAVE_INTTYPES_H
| # include <inttypes.h>
| #endif
| #ifdef HAVE_STDINT_H
| # include <stdint.h>
| #endif
| #ifdef HAVE_UNISTD_H
| # include <unistd.h>
| #endif
| int
| main ()
| {
| if (sizeof ((unsigned long long)))
| 	    return 0;
|   ;
|   return 0;
| }
configure:8626: result: yes
configure:8647: checking for float complex
configure:8647: gcc -c -g -O2  conftest.c >&5
conftest.c: In function 'main':
conftest.c:63:19: error: expected ')' before 'complex'
 if (sizeof (float complex))
                   ^
configure:8647: $? = 1
configure: failed program was:
| /* confdefs.h */
| #define PACKAGE_NAME "libquantum"
| #define PACKAGE_TARNAME "libquantum"
| #define PACKAGE_VERSION "1.1.1"
| #define PACKAGE_STRING "libquantum 1.1.1"
| #define PACKAGE_BUGREPORT "libquantum@libquantum.de"
| #define PACKAGE_URL ""
| #define STDC_HEADERS 1
| #define HAVE_SYS_TYPES_H 1
| #define HAVE_SYS_STAT_H 1
| #define HAVE_STDLIB_H 1
| #define HAVE_STRING_H 1
| #define HAVE_MEMORY_H 1
| #define HAVE_STRINGS_H 1
| #define HAVE_INTTYPES_H 1
| #define HAVE_STDINT_H 1
| #define HAVE_UNISTD_H 1
| #define HAVE_DLFCN_H 1
| #define HAVE_LIBM 1
| #define HAVE_LIBLAPACK 1
| #define STDC_HEADERS 1
| #define HAVE_FCNTL_H 1
| #define HAVE_STDLIB_H 1
| #define HAVE_UNISTD_H 1
| #define MAX_UNSIGNED unsigned long long
| /* end confdefs.h.  */
| #include <stdio.h>
| #ifdef HAVE_SYS_TYPES_H
| # include <sys/types.h>
| #endif
| #ifdef HAVE_SYS_STAT_H
| # include <sys/stat.h>
| #endif
| #ifdef STDC_HEADERS
| # include <stdlib.h>
| # include <stddef.h>
| #else
| # ifdef HAVE_STDLIB_H
| #  include <stdlib.h>
| # endif
| #endif
| #ifdef HAVE_STRING_H
| # if !defined STDC_HEADERS && defined HAVE_MEMORY_H
| #  include <memory.h>
| # endif
| # include <string.h>
| #endif
| #ifdef HAVE_STRINGS_H
| # include <strings.h>
| #endif
| #ifdef HAVE_INTTYPES_H
| # include <inttypes.h>
| #endif
| #ifdef HAVE_STDINT_H
| # include <stdint.h>
| #endif
| #ifdef HAVE_UNISTD_H
| # include <unistd.h>
| #endif
| int
| main ()
| {
| if (sizeof (float complex))
| 	 return 0;
|   ;
|   return 0;
| }
configure:8647: result: no
configure:8658: checking for float _Complex
configure:8658: gcc -c -g -O2  conftest.c >&5
configure:8658: $? = 0
configure:8658: gcc -c -g -O2  conftest.c >&5
conftest.c: In function 'main':
conftest.c:63:29: error: expected expression before ')' token
 if (sizeof ((float _Complex)))
                             ^
configure:8658: $? = 1
configure: failed program was:
| /* confdefs.h */
| #define PACKAGE_NAME "libquantum"
| #define PACKAGE_TARNAME "libquantum"
| #define PACKAGE_VERSION "1.1.1"
| #define PACKAGE_STRING "libquantum 1.1.1"
| #define PACKAGE_BUGREPORT "libquantum@libquantum.de"
| #define PACKAGE_URL ""
| #define STDC_HEADERS 1
| #define HAVE_SYS_TYPES_H 1
| #define HAVE_SYS_STAT_H 1
| #define HAVE_STDLIB_H 1
| #define HAVE_STRING_H 1
| #define HAVE_MEMORY_H 1
| #define HAVE_STRINGS_H 1
| #define HAVE_INTTYPES_H 1
| #define HAVE_STDINT_H 1
| #define HAVE_UNISTD_H 1
| #define HAVE_DLFCN_H 1
| #define HAVE_LIBM 1
| #define HAVE_LIBLAPACK 1
| #define STDC_HEADERS 1
| #define HAVE_FCNTL_H 1
| #define HAVE_STDLIB_H 1
| #define HAVE_UNISTD_H 1
| #define MAX_UNSIGNED unsigned long long
| /* end confdefs.h.  */
| #include <stdio.h>
| #ifdef HAVE_SYS_TYPES_H
| # include <sys/types.h>
| #endif
| #ifdef HAVE_SYS_STAT_H
| # include <sys/stat.h>
| #endif
| #ifdef STDC_HEADERS
| # include <stdlib.h>
| # include <stddef.h>
| #else
| # ifdef HAVE_STDLIB_H
| #  include <stdlib.h>
| # endif
| #endif
| #ifdef HAVE_STRING_H
| # if !defined STDC_HEADERS && defined HAVE_MEMORY_H
| #  include <memory.h>
| # endif
| # include <string.h>
| #endif
| #ifdef HAVE_STRINGS_H
| # include <strings.h>
| #endif
| #ifdef HAVE_INTTYPES_H
| # include <inttypes.h>
| #endif
| #ifdef HAVE_STDINT_H
| # include <stdint.h>
| #endif
| #ifdef HAVE_UNISTD_H
| # include <unistd.h>
| #endif
| int
| main ()
| {
| if (sizeof ((float _Complex)))
| 	    return 0;
|   ;
|   return 0;
| }
configure:8658: result: yes
configure:8682: checking for corresponding real data type
configure:8698: gcc -o conftest -g -O2   conftest.c -llapack -lm  >&5
configure:8698: $? = 0
configure:8698: ./conftest
configure:8698: $? = 0
configure:8708: result: float
configure:8713: checking for the imaginary unit
configure:8732: gcc -c -g -O2  conftest.c >&5
conftest.c: In function 'main':
conftest.c:32:3: error: 'I' undeclared (first use in this function)
 z=I;
   ^
conftest.c:32:3: note: each undeclared identifier is reported only once for each function it appears in
configure:8732: $? = 1
configure: failed program was:
| /* confdefs.h */
| #define PACKAGE_NAME "libquantum"
| #define PACKAGE_TARNAME "libquantum"
| #define PACKAGE_VERSION "1.1.1"
| #define PACKAGE_STRING "libquantum 1.1.1"
| #define PACKAGE_BUGREPORT "libquantum@libquantum.de"
| #define PACKAGE_URL ""
| #define STDC_HEADERS 1
| #define HAVE_SYS_TYPES_H 1
| #define HAVE_SYS_STAT_H 1
| #define HAVE_STDLIB_H 1
| #define HAVE_STRING_H 1
| #define HAVE_MEMORY_H 1
| #define HAVE_STRINGS_H 1
| #define HAVE_INTTYPES_H 1
| #define HAVE_STDINT_H 1
| #define HAVE_UNISTD_H 1
| #define HAVE_DLFCN_H 1
| #define HAVE_LIBM 1
| #define HAVE_LIBLAPACK 1
| #define STDC_HEADERS 1
| #define HAVE_FCNTL_H 1
| #define HAVE_STDLIB_H 1
| #define HAVE_UNISTD_H 1
| #define MAX_UNSIGNED unsigned long long
| #define COMPLEX_FLOAT float _Complex
| /* end confdefs.h.  */
| float _Complex z;
| int
| main ()
| {
| z=I;
|   ;
|   return 0;
| }
configure:8749: gcc -c -g -O2  conftest.c >&5
conftest.c: In function 'main':
conftest.c:32:3: error: '_Complex_I' undeclared (first use in this function)
 z=_Complex_I;
   ^
conftest.c:32:3: note: each undeclared identifier is reported only once for each function it appears in
configure:8749: $? = 1
configure: failed program was:
| /* confdefs.h */
| #define PACKAGE_NAME "libquantum"
| #define PACKAGE_TARNAME "libquantum"
| #define PACKAGE_VERSION "1.1.1"
| #define PACKAGE_STRING "libquantum 1.1.1"
| #define PACKAGE_BUGREPORT "libquantum@libquantum.de"
| #define PACKAGE_URL ""
| #define STDC_HEADERS 1
| #define HAVE_SYS_TYPES_H 1
| #define HAVE_SYS_STAT_H 1
| #define HAVE_STDLIB_H 1
| #define HAVE_STRING_H 1
| #define HAVE_MEMORY_H 1
| #define HAVE_STRINGS_H 1
| #define HAVE_INTTYPES_H 1
| #define HAVE_STDINT_H 1
| #define HAVE_UNISTD_H 1
| #define HAVE_DLFCN_H 1
| #define HAVE_LIBM 1
| #define HAVE_LIBLAPACK 1
| #define STDC_HEADERS 1
| #define HAVE_FCNTL_H 1
| #define HAVE_STDLIB_H 1
| #define HAVE_UNISTD_H 1
| #define MAX_UNSIGNED unsigned long long
| #define COMPLEX_FLOAT float _Complex
| /* end confdefs.h.  */
| float _Complex z;
| int
| main ()
| {
| z=_Complex_I;
|   ;
|   return 0;
| }
configure:8765: gcc -c -g -O2  conftest.c >&5
configure:8765: $? = 0
configure:8776: result: 1i
configure:8788: checking for gcc option to support OpenMP
configure:8803: gcc -o conftest -g -O2   conftest.c -llapack -lm  >&5
conftest.c:31:2: error: unknown type name 'choke'
  choke me
  ^
In file included from conftest.c:33:0:
/usr/lib/gcc/x86_64-linux-gnu/5/include/omp.h:35:1: error: expected '=', ',', ';', 'asm' or '__attribute__' before 'typedef'
 typedef struct
 ^
configure:8803: $? = 1
configure: failed program was:
| /* confdefs.h */
| #define PACKAGE_NAME "libquantum"
| #define PACKAGE_TARNAME "libquantum"
| #define PACKAGE_VERSION "1.1.1"
| #define PACKAGE_STRING "libquantum 1.1.1"
| #define PACKAGE_BUGREPORT "libquantum@libquantum.de"
| #define PACKAGE_URL ""
| #define STDC_HEADERS 1
| #define HAVE_SYS_TYPES_H 1
| #define HAVE_SYS_STAT_H 1
| #define HAVE_STDLIB_H 1
| #define HAVE_STRING_H 1
| #define HAVE_MEMORY_H 1
| #define HAVE_STRINGS_H 1
| #define HAVE_INTTYPES_H 1
| #define HAVE_STDINT_H 1
| #define HAVE_UNISTD_H 1
| #define HAVE_DLFCN_H 1
| #define HAVE_LIBM 1
| #define HAVE_LIBLAPACK 1
| #define STDC_HEADERS 1
| #define HAVE_FCNTL_H 1
| #define HAVE_STDLIB_H 1
| #define HAVE_UNISTD_H 1
| #define MAX_UNSIGNED unsigned long long
| #define COMPLEX_FLOAT float _Complex
| #define IMAGINARY 1i
| /* end confdefs.h.  */
| 
| #ifndef _OPENMP
|  choke me
| #endif
| #include <omp.h>
| int main () { return omp_get_num_threads (); }
| 
configure:8820: gcc -o conftest -g -O2 -fopenmp   conftest.c -llapack -lm  >&5
configure:8820: $? = 0
configure:8834: result: -fopenmp
configure:8975: creating ./config.status

## ---------------------- ##
## Running config.status. ##
## ---------------------- ##

This file was extended by libquantum config.status 1.1.1, which was
generated by GNU Autoconf 2.67.  Invocation command line was

  CONFIG_FILES    = 
  CONFIG_HEADERS  = 
  CONFIG_LINKS    = 
  CONFIG_COMMANDS = 
  $ ./config.status 

on jux

config.status:842: creating Makefile
config.status:842: creating quantum.h
config.status:842: creating types.h
config.status:842: creating config.h

## ---------------- ##
## Cache variables. ##
## ---------------- ##

ac_cv_build=x86_64-unknown-linux-gnu
ac_cv_c_compiler_gnu=yes
ac_cv_c_inline=inline
ac_cv_env_CC_set=
ac_cv_env_CC_value=
ac_cv_env_CFLAGS_set=
ac_cv_env_CFLAGS_value=
ac_cv_env_CPPFLAGS_set=
ac_cv_env_CPPFLAGS_value=
ac_cv_env_CPP_set=
ac_cv_env_CPP_value=
ac_cv_env_LDFLAGS_set=
ac_cv_env_LDFLAGS_value=
ac_cv_env_LIBS_set=
ac_cv_env_LIBS_value=
ac_cv_env_build_alias_set=
ac_cv_env_build_alias_value=
ac_cv_env_host_alias_set=
ac_cv_env_host_alias_value=
ac_cv_env_target_alias_set=
ac_cv_env_target_alias_value=
ac_cv_header_dlfcn_h=yes
ac_cv_header_fcntl_h=yes
ac_cv_header_inttypes_h=yes
ac_cv_header_memory_h=yes
ac_cv_header_stdc=yes
ac_cv_header_stdint_h=yes
ac_cv_header_stdlib_h=yes
ac_cv_header_string_h=yes
ac_cv_header_strings_h=yes
ac_cv_header_sys_stat_h=yes
ac_cv_header_sys_types_h=yes
ac_cv_header_unistd_h=yes
ac_cv_host=x86_64-unknown-linux-gnu
ac_cv_lib_lapack_cheev_=yes
ac_cv_lib_m_sqrt=yes
ac_cv_objext=o
ac_cv_path_EGREP='/bin/grep -E'
ac_cv_path_GREP=/bin/grep
ac_cv_path_install='/usr/bin/install -c'
ac_cv_prog_CPP='gcc -E'
ac_cv_prog_ac_ct_AR=ar
ac_cv_prog_ac_ct_CC=gcc
ac_cv_prog_ac_ct_RANLIB=ranlib
ac_cv_prog_ac_ct_STRIP=strip
ac_cv_prog_c_openmp=-fopenmp
ac_cv_prog_cc_c89=
ac_cv_prog_cc_g=yes
ac_cv_type_float__Complex=yes
ac_cv_type_float_complex=no
ac_cv_type_u_int_64t=no
ac_cv_type_uint_64t=no
ac_cv_type_unsigned_long_long=yes
lt_cv_deplibs_check_method=pass_all
lt_cv_file_magic_cmd='$MAGIC_CMD'
lt_cv_file_magic_test_file=
lt_cv_ld_reload_flag=-r
lt_cv_objdir=.libs
lt_cv_path_LD=/usr/bin/ld
lt_cv_path_NM='/usr/bin/nm -B'
lt_cv_path_SED=/bin/sed
lt_cv_prog_compiler_c_o=yes
lt_cv_prog_compiler_rtti_exceptions=no
lt_cv_prog_gnu_ld=yes
lt_cv_sys_global_symbol_pipe='sed -n -e '\''s/^.*[ 	]\([ABCDGIRSTW][ABCDGIRSTW]*\)[ 	][ 	]*\(\)\([_A-Za-z][_A-Za-z0-9]*\)$/\1 \2\3 \3/p'\'''
lt_cv_sys_global_symbol_to_c_name_address='sed -n -e '\''s/^: \([^ ]*\) $/  {\"\1\", (lt_ptr) 0},/p'\'' -e '\''s/^[BCDEGRST] \([^ ]*\) \([^ ]*\)$/  {"\2", (lt_ptr) \&\2},/p'\'''
lt_cv_sys_global_symbol_to_cdecl='sed -n -e '\''s/^. .* \(.*\)$/extern int \1;/p'\'''
lt_cv_sys_max_cmd_len=32768
lt_lt_cv_prog_compiler_c_o='"yes"'
lt_lt_cv_sys_global_symbol_pipe='"sed -n -e '\''s/^.*[ 	]\\([ABCDGIRSTW][ABCDGIRSTW]*\\)[ 	][ 	]*\\(\\)\\([_A-Za-z][_A-Za-z0-9]*\\)\$/\\1 \\2\\3 \\3/p'\''"'
lt_lt_cv_sys_global_symbol_to_c_name_address='"sed -n -e '\''s/^: \\([^ ]*\\) \$/  {\\\"\\1\\\", (lt_ptr) 0},/p'\'' -e '\''s/^[BCDEGRST] \\([^ ]*\\) \\([^ ]*\\)\$/  {\"\\2\", (lt_ptr) \\&\\2},/p'\''"'
lt_lt_cv_sys_global_symbol_to_cdecl='"sed -n -e '\''s/^. .* \\(.*\\)\$/extern int \\1;/p'\''"'

## ----------------- ##
## Output variables. ##
## ----------------- ##

AR='ar'
CC='gcc'
CFLAGS='-g -O2 -Wall'
CF_TYPE='float _Complex'
CPP='gcc -E'
CPPFLAGS=''
DEFS='-DHAVE_CONFIG_H'
ECHO='echo'
ECHO_C=''
ECHO_N='-n'
ECHO_T=''
EGREP='/bin/grep -E'
EXEEXT=''
GREP='/bin/grep'
I='1i'
INSTALL_DATA='${INSTALL} -m 644'
INSTALL_PROGRAM='${INSTALL}'
INSTALL_SCRIPT='${INSTALL}'
LDFLAGS=''
LIBOBJS=''
LIBS='-llapack -lm '
LIBTOOL='$(SHELL) $(top_builddir)/libtool'
LN_S='cp -p'
LTLIBOBJS=''
MU_TYPE='unsigned long long'
OBJEXT='o'
OPENMP_CFLAGS='-fopenmp'
PACKAGE_BUGREPORT='libquantum@libquantum.de'
PACKAGE_NAME='libquantum'
PACKAGE_STRING='libquantum 1.1.1'
PACKAGE_TARNAME='libquantum'
PACKAGE_URL=''
PACKAGE_VERSION='1.1.1'
PATH_SEPARATOR=':'
RANLIB='ranlib'
RF_TYPE='float'
SHELL='/bin/bash'
STRIP='strip'
ac_ct_CC='gcc'
bindir='${exec_prefix}/bin'
build='x86_64-unknown-linux-gnu'
build_alias=''
build_cpu='x86_64'
build_os='linux-gnu'
build_vendor='unknown'
datadir='${datarootdir}'
datarootdir='${prefix}/share'
docdir='${datarootdir}/doc/${PACKAGE_TARNAME}'
dvidir='${docdir}'
exec_prefix='${prefix}'
host='x86_64-unknown-linux-gnu'
host_alias=''
host_cpu='x86_64'
host_os='linux-gnu'
host_vendor='unknown'
htmldir='${docdir}'
includedir='${prefix}/include'
infodir='${datarootdir}/info'
libdir='${exec_prefix}/lib'
libexecdir='${exec_prefix}/libexec'
localedir='${datarootdir}/locale'
localstatedir='${prefix}/var'
mandir='${datarootdir}/man'
oldincludedir='/usr/include'
pdfdir='${docdir}'
prefix='/usr/local'
program_transform_name='s,x,x,'
psdir='${docdir}'
sbindir='${exec_prefix}/sbin'
sharedstatedir='${prefix}/com'
sysconfdir='${prefix}/etc'
target_alias=''

## ----------- ##
## confdefs.h. ##
## ----------- ##

/* confdefs.h */
#define PACKAGE_NAME "libquantum"
#define PACKAGE_TARNAME "libquantum"
#define PACKAGE_VERSION "1.1.1"
#define PACKAGE_STRING "libquantum 1.1.1"
#define PACKAGE_BUGREPORT "libquantum@libquantum.de"
#define PACKAGE_URL ""
#define STDC_HEADERS 1
#define HAVE_SYS_TYPES_H 1
#define HAVE_SYS_STAT_H 1
#define HAVE_STDLIB_H 1
#define HAVE_STRING_H 1
#define HAVE_MEMORY_H 1
#define HAVE_STRINGS_H 1
#define HAVE_INTTYPES_H 1
#define HAVE_STDINT_H 1
#define HAVE_UNISTD_H 1
#define HAVE_DLFCN_H 1
#define HAVE_LIBM 1
#define HAVE_LIBLAPACK 1
#define STDC_HEADERS 1
#define HAVE_FCNTL_H 1
#define HAVE_STDLIB_H 1
#define HAVE_UNISTD_H 1
#define MAX_UNSIGNED unsigned long long
#define COMPLEX_FLOAT float _Complex
#define IMAGINARY 1i
#define HAVE_GCC 1

configure: exit 0
